❯ go build && ./go-alice-chess
Move Count: 0
8♜ ♞ ♝ ♛ ♚ ♝ ♞ ♜
7♟ ♟ ♟ ♟ ♟ ♟ ♟ ♟
6- - - - - - - -
5- - - - - - - -
4- - - - - - - -
3- - - - - - - -
2♙ ♙ ♙ ♙ ♙ ♙ ♙ ♙
1♖ ♘ ♗ ♕ ♔ ♗ ♘ ♖
 A B C D E F G H
8- - - - - - - -
7- - - - - - - -
6- - - - - - - -
5- - - - - - - -
4- - - - - - - -
3- - - - - - - -
2- - - - - - - -
1- - - - - - - -
 A B C D E F G H

------
Move Count: 1
Turn: White
Moves A: [b1a3 b1c3 g1f3 g1h3 a2a3 a2a4 b2b3 b2b4 c2c3 c2c4 d2d3 d2d4 e2e3 e2e4 f2f3 f2f4 g2g3 g2g4 h2h3 h2h4]
Moves B: []
Chosen: a2a3
Board: A

 --- Board A ---
8♜ ♞ ♝ ♛ ♚ ♝ ♞ ♜
7♟ ♟ ♟ ♟ ♟ ♟ ♟ ♟
6- - - - - - - -
5- - - - - - - -
4- - - - - - - -
3- - - - - - - -
2- ♙ ♙ ♙ ♙ ♙ ♙ ♙
1♖ ♘ ♗ ♕ ♔ ♗ ♘ ♖
 A B C D E F G H

 --- Board B ---
8- - - - - - - -
7- - - - - - - -
6- - - - - - - -
5- - - - - - - -
4- - - - - - - -
3♙ - - - - - - -
2- - - - - - - -
1- - - - - - - -
 A B C D E F G H

 *--------------*
Move Count: 2
Turn: Black
Moves A: [b8a6 b8c6 g8f6 g8h6 a7a5 a7a6 b7b5 b7b6 c7c5 c7c6 d7d5 d7d6 e7e5 e7e6 f7f5 f7f6 g7g5 g7g6 h7h5 h7h6]
Moves B: []
Chosen: b8c6
Board: A

 --- Board A ---
8♜ - ♝ ♛ ♚ ♝ ♞ ♜
7♟ ♟ ♟ ♟ ♟ ♟ ♟ ♟
6- - - - - - - -
5- - - - - - - -
4- - - - - - - -
3- - - - - - - -
2- ♙ ♙ ♙ ♙ ♙ ♙ ♙
1♖ ♘ ♗ ♕ ♔ ♗ ♘ ♖
 A B C D E F G H

 --- Board B ---
8- - - - - - - -
7- - - - - - - -
6- - ♞ - - - - -
5- - - - - - - -
4- - - - - - - -
3♙ - - - - - - -
2- - - - - - - -
1- - - - - - - -
 A B C D E F G H

 *--------------*
Move Count: 3
Turn: White
Moves A: [a1a2 a1a4 a1a5 a1a6 a1a7 b1c3 g1f3 g1h3 b2b3 b2b4 c2c3 c2c4 d2d3 d2d4 e2e3 e2e4 f2f3 f2f4 g2g3 g2g4 h2h3 h2h4]
Moves B: [a3a4]
Chosen: e2e4
Board: A

 --- Board A ---
8♜ - ♝ ♛ ♚ ♝ ♞ ♜
7♟ ♟ ♟ ♟ ♟ ♟ ♟ ♟
6- - - - - - - -
5- - - - - - - -
4- - - - - - - -
3- - - - - - - -
2- ♙ ♙ ♙ - ♙ ♙ ♙
1♖ ♘ ♗ ♕ ♔ ♗ ♘ ♖
 A B C D E F G H

 --- Board B ---
8- - - - - - - -
7- - - - - - - -
6- - ♞ - - - - -
5- - - - - - - -
4- - - - ♙ - - -
3♙ - - - - - - -
2- - - - - - - -
1- - - - - - - -
 A B C D E F G H

 *--------------*
Move Count: 4
Turn: Black
Moves A: [a8b8 g8f6 g8h6 a7a5 a7a6 b7b5 b7b6 c7c5 d7d5 d7d6 e7e5 e7e6 f7f5 f7f6 g7g5 g7g6 h7h5 h7h6]
Moves B: [c6b4 c6d4 c6a5 c6e5 c6b8]
Chosen: c6a5
Board: B

 --- Board A ---
8♜ - ♝ ♛ ♚ ♝ ♞ ♜
7♟ ♟ ♟ ♟ ♟ ♟ ♟ ♟
6- - - - - - - -
5♞ - - - - - - -
4- - - - - - - -
3- - - - - - - -
2- ♙ ♙ ♙ - ♙ ♙ ♙
1♖ ♘ ♗ ♕ ♔ ♗ ♘ ♖
 A B C D E F G H

 --- Board B ---
8- - - - - - - -
7- - - - - - - -
6- - - - - - - -
5- - - - - - - -
4- - - - ♙ - - -
3♙ - - - - - - -
2- - - - - - - -
1- - - - - - - -
 A B C D E F G H

 *--------------*
Move Count: 5
Turn: White
Moves A: [e1e2 d1e2 d1f3 d1g4 d1h5 a1a2 a1a4 a1a5 f1e2 f1d3 f1c4 f1b5 f1a6 b1c3 g1e2 g1f3 g1h3 b2b3 b2b4 c2c3 c2c4 d2d3 d2d4 f2f3 f2f4 g2g3 g2g4 h2h3 h2h4]
Moves B: [a3a4 e4e5]
Chosen: e4e5
Board: B

 --- Board A ---
8♜ - ♝ ♛ ♚ ♝ ♞ ♜
7♟ ♟ ♟ ♟ ♟ ♟ ♟ ♟
6- - - - - - - -
5♞ - - - ♙ - - -
4- - - - - - - -
3- - - - - - - -
2- ♙ ♙ ♙ - ♙ ♙ ♙
1♖ ♘ ♗ ♕ ♔ ♗ ♘ ♖
 A B C D E F G H

 --- Board B ---
8- - - - - - - -
7- - - - - - - -
6- - - - - - - -
5- - - - - - - -
4- - - - - - - -
3♙ - - - - - - -
2- - - - - - - -
1- - - - - - - -
 A B C D E F G H

 *--------------*
Move Count: 6
Turn: Black
Moves A: [a8b8 a5b3 a5c4 a5c6 g8f6 g8h6 a7a6 b7b5 b7b6 c7c5 c7c6 d7d5 d7d6 e7e6 f7f5 f7f6 g7g5 g7g6 h7h5 h7h6]
Moves B: []
Chosen: a5c4
Board: A

 --- Board A ---
8♜ - ♝ ♛ ♚ ♝ ♞ ♜
7♟ ♟ ♟ ♟ ♟ ♟ ♟ ♟
6- - - - - - - -
5- - - - ♙ - - -
4- - - - - - - -
3- - - - - - - -
2- ♙ ♙ ♙ - ♙ ♙ ♙
1♖ ♘ ♗ ♕ ♔ ♗ ♘ ♖
 A B C D E F G H

 --- Board B ---
8- - - - - - - -
7- - - - - - - -
6- - - - - - - -
5- - - - - - - -
4- - ♞ - - - - -
3♙ - - - - - - -
2- - - - - - - -
1- - - - - - - -
 A B C D E F G H

 *--------------*
Move Count: 7
Turn: White
Moves A: [e1e2 d1e2 d1f3 d1g4 d1h5 a1a2 a1a4 a1a5 a1a6 a1a7 f1e2 f1d3 f1b5 f1a6 b1c3 g1e2 g1f3 g1h3 b2b3 b2b4 c2c3 d2d3 d2d4 f2f3 f2f4 g2g3 g2g4 h2h3 h2h4 e5e6]
Moves B: [a3a4]
Chosen: d1e2
Board: A

 --- Board A ---
8♜ - ♝ ♛ ♚ ♝ ♞ ♜
7♟ ♟ ♟ ♟ ♟ ♟ ♟ ♟
6- - - - - - - -
5- - - - ♙ - - -
4- - - - - - - -
3- - - - - - - -
2- ♙ ♙ ♙ - ♙ ♙ ♙
1♖ ♘ ♗ - ♔ ♗ ♘ ♖
 A B C D E F G H

 --- Board B ---
8- - - - - - - -
7- - - - - - - -
6- - - - - - - -
5- - - - - - - -
4- - ♞ - - - - -
3♙ - - - - - - -
2- - - - ♕ - - -
1- - - - - - - -
 A B C D E F G H

 *--------------*
Move Count: 8
Turn: Black
Moves A: [a8b8 g8f6 g8h6 a7a5 a7a6 b7b5 b7b6 c7c5 c7c6 d7d5 d7d6 e7e6 f7f5 f7f6 g7g5 g7g6 h7h5 h7h6]
Moves B: [c4a3 c4e3 c4a5 c4b6 c4d6]
Chosen: b7b5
Board: A

 --- Board A ---
8♜ - ♝ ♛ ♚ ♝ ♞ ♜
7♟ - ♟ ♟ ♟ ♟ ♟ ♟
6- - - - - - - -
5- - - - ♙ - - -
4- - - - - - - -
3- - - - - - - -
2- ♙ ♙ ♙ - ♙ ♙ ♙
1♖ ♘ ♗ - ♔ ♗ ♘ ♖
 A B C D E F G H

 --- Board B ---
8- - - - - - - -
7- - - - - - - -
6- - - - - - - -
5- ♟ - - - - - -
4- - ♞ - - - - -
3♙ - - - - - - -
2- - - - ♕ - - -
1- - - - - - - -
 A B C D E F G H

 *--------------*
Move Count: 9
Turn: White
Moves A: [e1d1 a1a2 a1a4 a1a5 a1a6 a1a7 f1d3 f1a6 b1c3 g1f3 g1h3 b2b3 b2b4 c2c3 d2d3 d2d4 f2f3 f2f4 g2g3 g2g4 h2h3 h2h4 e5e6]
Moves B: [e2d1 e2a2 e2d3 e2e3 e2f3 e2c4 e2e4 e2g4 e2h5 e2e6 a3a4]
Chosen: e5e6
Board: A

 --- Board A ---
8♜ - ♝ ♛ ♚ ♝ ♞ ♜
7♟ - ♟ ♟ ♟ ♟ ♟ ♟
6- - - - - - - -
5- - - - - - - -
4- - - - - - - -
3- - - - - - - -
2- ♙ ♙ ♙ - ♙ ♙ ♙
1♖ ♘ ♗ - ♔ ♗ ♘ ♖
 A B C D E F G H

 --- Board B ---
8- - - - - - - -
7- - - - - - - -
6- - - - ♙ - - -
5- ♟ - - - - - -
4- - ♞ - - - - -
3♙ - - - - - - -
2- - - - ♕ - - -
1- - - - - - - -
 A B C D E F G H

 *--------------*
Move Count: 10
Turn: Black
Moves A: [a8b8 c8a6 c8b7 g8f6 g8h6 a7a5 a7a6 c7c5 c7c6 d7d5 d7d6 e7e5 f7f5 f7f6 g7g5 g7g6 h7h5 h7h6]
Moves B: [c4a3 c4e3 c4a5 c4e5 c4b6 c4d6 b5b4]
Chosen: d7d6
Board: A

 --- Board A ---
8♜ - ♝ ♛ ♚ ♝ ♞ ♜
7♟ - ♟ - ♟ ♟ ♟ ♟
6- - - - - - - -
5- - - - - - - -
4- - - - - - - -
3- - - - - - - -
2- ♙ ♙ ♙ - ♙ ♙ ♙
1♖ ♘ ♗ - ♔ ♗ ♘ ♖
 A B C D E F G H

 --- Board B ---
8- - - - - - - -
7- - - - - - - -
6- - - ♟ ♙ - - -
5- ♟ - - - - - -
4- - ♞ - - - - -
3♙ - - - - - - -
2- - - - ♕ - - -
1- - - - - - - -
 A B C D E F G H

 *--------------*
Move Count: 11
Turn: White
Moves A: [e1d1 a1a2 a1a4 a1a5 a1a6 a1a7 f1d3 f1a6 b1c3 g1f3 g1h3 b2b3 b2b4 c2c3 d2d3 d2d4 f2f3 f2f4 g2g3 g2g4 h2h3 h2h4]
Moves B: [e2d1 e2a2 e2d3 e2e3 e2f3 e2c4 e2e4 e2g4 e2e5 e2h5 a3a4]
Chosen: e2e3
Board: B

 --- Board A ---
8♜ - ♝ ♛ ♚ ♝ ♞ ♜
7♟ - ♟ - ♟ ♟ ♟ ♟
6- - - - - - - -
5- - - - - - - -
4- - - - - - - -
3- - - - ♕ - - -
2- ♙ ♙ ♙ - ♙ ♙ ♙
1♖ ♘ ♗ - ♔ ♗ ♘ ♖
 A B C D E F G H

 --- Board B ---
8- - - - - - - -
7- - - - - - - -
6- - - ♟ ♙ - - -
5- ♟ - - - - - -
4- - ♞ - - - - -
3♙ - - - - - - -
2- - - - - - - -
1- - - - - - - -
 A B C D E F G H

 *--------------*
Move Count: 12
Turn: Black
Moves A: [d8d2 d8d3 d8d4 d8d5 d8d7 a8b8 c8h3 c8g4 c8f5 c8a6 c8b7 c8d7 g8f6 g8h6 a7a5 a7a6 c7c5 c7c6 f7f5 f7f6 g7g5 g7g6 h7h5 h7h6]
Moves B: [c4a3 c4a5 c4e5 c4b6 b5b4 d6d5]
Chosen: c8b7
Board: A

 --- Board A ---
8♜ - - ♛ ♚ ♝ ♞ ♜
7♟ - ♟ - ♟ ♟ ♟ ♟
6- - - - - - - -
5- - - - - - - -
4- - - - - - - -
3- - - - ♕ - - -
2- ♙ ♙ ♙ - ♙ ♙ ♙
1♖ ♘ ♗ - ♔ ♗ ♘ ♖
 A B C D E F G H

 --- Board B ---
8- - - - - - - -
7- ♝ - - - - - -
6- - - ♟ ♙ - - -
5- ♟ - - - - - -
4- - ♞ - - - - -
3♙ - - - - - - -
2- - - - - - - -
1- - - - - - - -
 A B C D E F G H

 *--------------*
Move Count: 13
Turn: White
Moves A: [e1d1 e1e2 e3e2 e3b3 e3c3 e3d3 e3f3 e3g3 e3h3 e3d4 e3e4 e3f4 e3c5 e3e5 e3g5 e3b6 e3h6 e3a7 e3e7 a1a2 a1a4 a1a5 a1a6 a1a7 f1e2 f1d3 f1a6 b1c3 g1e2 g1f3 g1h3 b2b3 b2b4 c2c3 d2d3 d2d4 f2f3 f2f4 g2g3 g2g4 h2h3 h2h4]
Moves B: [a3a4]
Chosen: e3b6
Board: A

 --- Board A ---
8♜ - - ♛ ♚ ♝ ♞ ♜
7♟ - ♟ - ♟ ♟ ♟ ♟
6- - - - - - - -
5- - - - - - - -
4- - - - - - - -
3- - - - - - - -
2- ♙ ♙ ♙ - ♙ ♙ ♙
1♖ ♘ ♗ - ♔ ♗ ♘ ♖
 A B C D E F G H

 --- Board B ---
8- - - - - - - -
7- ♝ - - - - - -
6- ♕ - ♟ ♙ - - -
5- ♟ - - - - - -
4- - ♞ - - - - -
3♙ - - - - - - -
2- - - - - - - -
1- - - - - - - -
 A B C D E F G H

 *--------------*
Move Count: 14
Turn: Black
Moves A: [d8d2 d8d3 d8d4 d8d5 d8d7 d8b8 d8c8 a8b8 a8c8 g8f6 g8h6 a7a5 a7a6 c7c5 c7c6 e7e5 f7f5 f7f6 g7g5 g7g6 h7h5 h7h6]
Moves B: [b7f3 b7e4 b7d5 b7a6 b7c6 b7c8 c4a3 c4e3 c4a5 c4e5 c4b6 b5b4 d6d5]
Chosen: c4e5
Board: B

 --- Board A ---
8♜ - - ♛ ♚ ♝ ♞ ♜
7♟ - ♟ - ♟ ♟ ♟ ♟
6- - - - - - - -
5- - - - ♞ - - -
4- - - - - - - -
3- - - - - - - -
2- ♙ ♙ ♙ - ♙ ♙ ♙
1♖ ♘ ♗ - ♔ ♗ ♘ ♖
 A B C D E F G H

 --- Board B ---
8- - - - - - - -
7- ♝ - - - - - -
6- ♕ - ♟ ♙ - - -
5- ♟ - - - - - -
4- - - - - - - -
3♙ - - - - - - -
2- - - - - - - -
1- - - - - - - -
 A B C D E F G H

 *--------------*
Move Count: 15
Turn: White
Moves A: [e1d1 e1e2 a1a2 a1a4 a1a5 a1a6 a1a7 f1e2 f1d3 f1c4 f1a6 b1c3 g1e2 g1f3 g1h3 b2b3 b2b4 c2c3 c2c4 d2d3 d2d4 f2f3 f2f4 g2g3 g2g4 h2h3 h2h4]
Moves B: [b6e3 b6d4 b6a5 b6b5 b6c5 b6a6 b6c6 b6d6 b6b7 a3a4]
Chosen: b6d6
Board: B

 --- Board A ---
8♜ - - ♛ ♚ ♝ ♞ ♜
7♟ - ♟ - ♟ ♟ ♟ ♟
6- - - ♕ - - - -
5- - - - ♞ - - -
4- - - - - - - -
3- - - - - - - -
2- ♙ ♙ ♙ - ♙ ♙ ♙
1♖ ♘ ♗ - ♔ ♗ ♘ ♖
 A B C D E F G H

 --- Board B ---
8- - - - - - - -
7- ♝ - - - - - -
6- - - - ♙ - - -
5- ♟ - - - - - -
4- - - - - - - -
3♙ - - - - - - -
2- - - - - - - -
1- - - - - - - -
 A B C D E F G H

 *--------------*
Move Count: 16
Turn: Black
Moves A: [d8d6 d8d7 d8b8 d8c8 a8b8 a8c8 e5d3 e5f3 e5c4 e5g4 e5c6 e5g6 e5d7 g8f6 g8h6 a7a5 a7a6 c7c5 c7c6 c7d6 e7d6 f7f5 f7f6 g7g5 g7g6 h7h5 h7h6]
Moves B: [b7f3 b7e4 b7d5 b7a6 b7c6 b7c8 b5b4]
Chosen: e5c6
Board: A

 --- Board A ---
8♜ - - ♛ ♚ ♝ ♞ ♜
7♟ - ♟ - ♟ ♟ ♟ ♟
6- - - ♕ - - - -
5- - - - - - - -
4- - - - - - - -
3- - - - - - - -
2- ♙ ♙ ♙ - ♙ ♙ ♙
1♖ ♘ ♗ - ♔ ♗ ♘ ♖
 A B C D E F G H

 --- Board B ---
8- - - - - - - -
7- ♝ - - - - - -
6- - ♞ - ♙ - - -
5- ♟ - - - - - -
4- - - - - - - -
3♙ - - - - - - -
2- - - - - - - -
1- - - - - - - -
 A B C D E F G H

 *--------------*
Move Count: 17
Turn: White
Moves A: [e1d1 e1e2 d6d3 d6g3 d6b4 d6d4 d6f4 d6c5 d6d5 d6e5 d6a6 d6b6 d6f6 d6g6 d6h6 d6c7 d6d7 d6e7 d6d8 a1a2 a1a4 a1a5 a1a6 a1a7 f1e2 f1d3 f1c4 f1a6 b1c3 g1e2 g1f3 g1h3 b2b3 b2b4 c2c3 c2c4 d2d3 d2d4 f2f3 f2f4 g2g3 g2g4 h2h3 h2h4]
Moves B: [a3a4]
Chosen: d6d7
Board: A

 --- Board A ---
8♜ - - ♛ ♚ ♝ ♞ ♜
7♟ - ♟ - ♟ ♟ ♟ ♟
6- - - - - - - -
5- - - - - - - -
4- - - - - - - -
3- - - - - - - -
2- ♙ ♙ ♙ - ♙ ♙ ♙
1♖ ♘ ♗ - ♔ ♗ ♘ ♖
 A B C D E F G H

 --- Board B ---
8- - - - - - - -
7- ♝ - ♕ - - - -
6- - ♞ - ♙ - - -
5- ♟ - - - - - -
4- - - - - - - -
3♙ - - - - - - -
2- - - - - - - -
1- - - - - - - -
 A B C D E F G H

 *--------------*
Move Count: 18
Turn: Black
Moves A: [d8d2 d8d3 d8d4 d8d5 d8d6 d8b8 d8c8 a8b8 a8c8 g8f6 g8h6 a7a5 a7a6 c7c5 e7e5 f7f5 f7f6 g7g5 g7g6 h7h5 h7h6]
Moves B: [b7a6 b7c8 c6b4 c6d4 c6a5 c6e5 c6b8 b5b4]
Chosen: a8b8
Board: A

 --- Board A ---
8- - - ♛ ♚ ♝ ♞ ♜
7♟ - ♟ - ♟ ♟ ♟ ♟
6- - - - - - - -
5- - - - - - - -
4- - - - - - - -
3- - - - - - - -
2- ♙ ♙ ♙ - ♙ ♙ ♙
1♖ ♘ ♗ - ♔ ♗ ♘ ♖
 A B C D E F G H

 --- Board B ---
8- ♜ - - - - - -
7- ♝ - ♕ - - - -
6- - ♞ - ♙ - - -
5- ♟ - - - - - -
4- - - - - - - -
3♙ - - - - - - -
2- - - - - - - -
1- - - - - - - -
 A B C D E F G H

 *--------------*
Move Count: 19
Turn: White
Moves A: [e1d1 e1e2 a1a2 a1a4 a1a5 a1a6 a1a7 f1e2 f1d3 f1c4 f1a6 b1c3 g1e2 g1f3 g1h3 b2b3 b2b4 c2c3 c2c4 d2d3 d2d4 f2f3 f2f4 g2g3 g2g4 h2h3 h2h4]
Moves B: [d7d1 d7d3 d7d4 d7d5 d7c6 d7d6 d7b7 d7c8 a3a4]
Chosen: f1a6
Board: A

 --- Board A ---
8- - - ♛ ♚ ♝ ♞ ♜
7♟ - ♟ - ♟ ♟ ♟ ♟
6- - - - - - - -
5- - - - - - - -
4- - - - - - - -
3- - - - - - - -
2- ♙ ♙ ♙ - ♙ ♙ ♙
1♖ ♘ ♗ - ♔ - ♘ ♖
 A B C D E F G H

 --- Board B ---
8- ♜ - - - - - -
7- ♝ - ♕ - - - -
6♗ - ♞ - ♙ - - -
5- ♟ - - - - - -
4- - - - - - - -
3♙ - - - - - - -
2- - - - - - - -
1- - - - - - - -
 A B C D E F G H

 *--------------*
Move Count: 20
Turn: Black
Moves A: [d8d2 d8d3 d8d4 d8d5 d8d6 d8a8 d8c8 g8f6 g8h6 a7a5 c7c5 e7e5 f7f5 f7f6 g7g5 g7g6 h7h5 h7h6]
Moves B: [b8a8 b8c8 b7a6 b7a8 b7c8 c6b4 c6d4 c6a5 c6e5 b5b4]
Chosen: g7g6
Board: A

 --- Board A ---
8- - - ♛ ♚ ♝ ♞ ♜
7♟ - ♟ - ♟ ♟ - ♟
6- - - - - - - -
5- - - - - - - -
4- - - - - - - -
3- - - - - - - -
2- ♙ ♙ ♙ - ♙ ♙ ♙
1♖ ♘ ♗ - ♔ - ♘ ♖
 A B C D E F G H

 --- Board B ---
8- ♜ - - - - - -
7- ♝ - ♕ - - - -
6♗ - ♞ - ♙ - ♟ -
5- ♟ - - - - - -
4- - - - - - - -
3♙ - - - - - - -
2- - - - - - - -
1- - - - - - - -
 A B C D E F G H

 *--------------*
Move Count: 21
Turn: White
Moves A: [e1d1 e1f1 e1e2 a1a2 a1a4 a1a5 a1a7 b1c3 g1e2 g1f3 g1h3 b2b3 b2b4 c2c3 c2c4 d2d3 d2d4 f2f3 f2f4 g2g3 g2g4 h2h3 h2h4]
Moves B: [d7d1 d7d3 d7d4 d7d5 d7c6 d7d6 d7b7 d7g7 d7c8 a6b5 a6b7 a3a4]
Chosen: c2c3
Board: A

 --- Board A ---
8- - - ♛ ♚ ♝ ♞ ♜
7♟ - ♟ - ♟ ♟ - ♟
6- - - - - - - -
5- - - - - - - -
4- - - - - - - -
3- - - - - - - -
2- ♙ - ♙ - ♙ ♙ ♙
1♖ ♘ ♗ - ♔ - ♘ ♖
 A B C D E F G H

 --- Board B ---
8- ♜ - - - - - -
7- ♝ - ♕ - - - -
6♗ - ♞ - ♙ - ♟ -
5- ♟ - - - - - -
4- - - - - - - -
3♙ - ♙ - - - - -
2- - - - - - - -
1- - - - - - - -
 A B C D E F G H

 *--------------*
Move Count: 22
Turn: Black
Moves A: [d8d2 d8d3 d8d4 d8d5 d8d6 d8a8 d8c8 f8h6 f8g7 g8f6 g8h6 a7a5 c7c5 e7e5 f7f5 f7f6 h7h5 h7h6]
Moves B: [b8a8 b8c8 b7a6 b7a8 b7c8 c6b4 c6d4 c6a5 c6e5 b5b4 g6g5]
Chosen: b8c8
Board: B

 --- Board A ---
8- - ♜ ♛ ♚ ♝ ♞ ♜
7♟ - ♟ - ♟ ♟ - ♟
6- - - - - - - -
5- - - - - - - -
4- - - - - - - -
3- - - - - - - -
2- ♙ - ♙ - ♙ ♙ ♙
1♖ ♘ ♗ - ♔ - ♘ ♖
 A B C D E F G H

 --- Board B ---
8- - - - - - - -
7- ♝ - ♕ - - - -
6♗ - ♞ - ♙ - ♟ -
5- ♟ - - - - - -
4- - - - - - - -
3♙ - ♙ - - - - -
2- - - - - - - -
1- - - - - - - -
 A B C D E F G H

 *--------------*
Move Count: 23
Turn: White
Moves A: [e1d1 e1f1 e1e2 a1a2 a1a4 a1a5 a1a7 g1e2 g1f3 g1h3 b2b3 b2b4 d2d3 d2d4 f2f3 f2f4 g2g3 g2g4 h2h3 h2h4]
Moves B: [d7d1 d7d3 d7d4 d7d5 d7c6 d7d6 d7b7 d7g7 a6b5 a6b7 a3a4 c3c4]
Chosen: d7c6
Board: B

 --- Board A ---
8- - ♜ ♛ ♚ ♝ ♞ ♜
7♟ - ♟ - ♟ ♟ - ♟
6- - ♕ - - - - -
5- - - - - - - -
4- - - - - - - -
3- - - - - - - -
2- ♙ - ♙ - ♙ ♙ ♙
1♖ ♘ ♗ - ♔ - ♘ ♖
 A B C D E F G H

 --- Board B ---
8- - - - - - - -
7- ♝ - - - - - -
6♗ - - - ♙ - ♟ -
5- ♟ - - - - - -
4- - - - - - - -
3♙ - ♙ - - - - -
2- - - - - - - -
1- - - - - - - -
 A B C D E F G H

 *--------------*
Move Count: 24
Turn: Black
Moves A: []
Moves B: []
Checkmate
